  Game.cpp
C:\Users\limou\source\repos\Boid_Hackathon\Game.cpp(56,36): warning C4244: 'argument': conversion from 'int' to 'float', possible loss of data
C:\Users\limou\source\repos\Boid_Hackathon\Game.cpp(61,37): warning C4244: 'argument': conversion from 'int' to 'float', possible loss of data
C:\Users\limou\source\repos\Boid_Hackathon\Game.cpp(66,37): warning C4244: 'argument': conversion from 'int' to 'float', possible loss of data
C:\Users\limou\source\repos\Boid_Hackathon\Game.cpp(71,37): warning C4244: 'argument': conversion from 'int' to 'float', possible loss of data
C:\Users\limou\source\repos\Boid_Hackathon\Game.cpp(76,37): warning C4244: 'argument': conversion from 'int' to 'float', possible loss of data
C:\Users\limou\source\repos\Boid_Hackathon\Game.cpp(81,37): warning C4244: 'argument': conversion from 'int' to 'float', possible loss of data
C:\Users\limou\source\repos\Boid_Hackathon\Game.cpp(86,37): warning C4244: 'argument': conversion from 'int' to 'float', possible loss of data
C:\Users\limou\source\repos\Boid_Hackathon\Game.cpp(91,38): warning C4244: 'argument': conversion from 'int' to 'float', possible loss of data
C:\Users\limou\source\repos\Boid_Hackathon\Game.cpp(96,38): warning C4244: 'argument': conversion from 'int' to 'float', possible loss of data
C:\Users\limou\source\repos\Boid_Hackathon\Game.cpp(101,38): warning C4244: 'argument': conversion from 'int' to 'float', possible loss of data
C:\Users\limou\source\repos\Boid_Hackathon\Game.cpp(166,46): warning C4244: 'argument': conversion from 'int' to 'float', possible loss of data
C:\Users\limou\source\repos\Boid_Hackathon\Game.cpp(166,22): warning C4244: 'argument': conversion from 'int' to 'float', possible loss of data
C:\Users\limou\source\repos\Boid_Hackathon\Game.cpp(256,40): warning C4244: 'argument': conversion from 'T' to 'float', possible loss of data
C:\Users\limou\source\repos\Boid_Hackathon\Game.cpp(256,40): warning C4244:         with
C:\Users\limou\source\repos\Boid_Hackathon\Game.cpp(256,40): warning C4244:         [
C:\Users\limou\source\repos\Boid_Hackathon\Game.cpp(256,40): warning C4244:             T=int
C:\Users\limou\source\repos\Boid_Hackathon\Game.cpp(256,40): warning C4244:         ]
C:\Users\limou\source\repos\Boid_Hackathon\Game.cpp(256,25): warning C4244: 'argument': conversion from 'T' to 'float', possible loss of data
C:\Users\limou\source\repos\Boid_Hackathon\Game.cpp(256,25): warning C4244:         with
C:\Users\limou\source\repos\Boid_Hackathon\Game.cpp(256,25): warning C4244:         [
C:\Users\limou\source\repos\Boid_Hackathon\Game.cpp(256,25): warning C4244:             T=int
C:\Users\limou\source\repos\Boid_Hackathon\Game.cpp(256,25): warning C4244:         ]
C:\Users\limou\source\repos\Boid_Hackathon\Game.cpp(273,24): warning C4244: 'argument': conversion from 'int' to 'float', possible loss of data
  Generating code
  25 of 288 functions ( 8.7%) were compiled, the rest were copied from previous compilation.
    0 functions were new in current compilation
    9 functions had inline decision re-evaluated but remain unchanged
  Finished generating code
  SFML_Boi.vcxproj -> C:\Users\limou\source\repos\Boid_Hackathon\x64\Release\SFML_Boi.exe
